<?xml version="1.0" encoding="UTF-8"?>
<!-- Generated by org.testng.reporters.JUnitXMLReporter -->
<testsuite hostname="USER-20180622HQ" name="登录测试" tests="9" failures="0" timestamp="31 Jul 2018 03:50:52 GMT" time="366.301" errors="0">
  <testcase name="testOpenQuotation" time="106.277" classname="com.zbwx.autotest.ui.TestQuotation"/>
  <testcase name="testSwitchCommodity" time="52.539" classname="com.zbwx.autotest.ui.TestQuotation"/>
  <testcase name="testClickMessage" time="35.131" classname="com.zbwx.autotest.ui.TestQuotation"/>
  <testcase name="testK_lineSelectM5" time="28.324" classname="com.zbwx.autotest.ui.TestQuotation"/>
  <testcase name="testK_lineSelectM15" time="32.656" classname="com.zbwx.autotest.ui.TestQuotation"/>
  <testcase name="testK_lineSelectH1" time="29.397" classname="com.zbwx.autotest.ui.TestQuotation"/>
  <testcase name="testK_lineSelectD1" time="21.609" classname="com.zbwx.autotest.ui.TestQuotation"/>
  <testcase name="testK_lineSelectTimeshare" time="26.282" classname="com.zbwx.autotest.ui.TestQuotation"/>
  <testcase name="testClickOrder" time="33.713" classname="com.zbwx.autotest.ui.TestQuotation"/>
</testsuite> <!-- 登录测试 -->
