<?xml version="1.0" encoding="UTF-8"?>
<testng-results skipped="0" failed="0" total="9" passed="9">
  <reporter-output>
  </reporter-output>
  <suite name="Suite" duration-ms="366301" started-at="2018-07-31T03:44:46Z" finished-at="2018-07-31T03:50:52Z">
    <groups>
    </groups>
    <test name="登录测试" duration-ms="366301" started-at="2018-07-31T03:44:46Z" finished-at="2018-07-31T03:50:52Z">
      <class name="com.zbwx.autotest.ui.TestQuotation">
        <test-method status="PASS" signature="setup(java.lang.String, java.lang.String, java.lang.String, java.lang.String, java.lang.String, java.lang.String, java.lang.String, java.lang.String, java.lang.String)[pri:0, instance:com.zbwx.autotest.ui.TestQuotation@67784306]" name="setup" is-config="true" duration-ms="1431" started-at="2018-07-31T11:44:44Z" finished-at="2018-07-31T11:44:46Z">
          <params>
            <param index="0">
              <value>
                <![CDATA[AtxDriver]]>
              </value>
            </param>
            <param index="1">
              <value>
                <![CDATA[商品交易]]>
              </value>
            </param>
            <param index="2">
              <value>
                <![CDATA[ylmall.apk]]>
              </value>
            </param>
            <param index="3">
              <value>
                <![CDATA[192.168.0.159]]>
              </value>
            </param>
            <param index="4">
              <value>
                <![CDATA[5.1]]>
              </value>
            </param>
            <param index="5">
              <value>
                <![CDATA[com.ylmall.app.ui]]>
              </value>
            </param>
            <param index="6">
              <value>
                <![CDATA['com.ylmall.app.activity.WelcomActivity]]>
              </value>
            </param>
            <param index="7">
              <value>
                <![CDATA[Android]]>
              </value>
            </param>
            <param index="8">
              <value>
                <![CDATA[3]]>
              </value>
            </param>
          </params>
          <reporter-output>
          </reporter-output>
        </test-method> <!-- setup -->
        <test-method status="PASS" signature="beforeClass()[pri:0, instance:com.zbwx.autotest.ui.TestQuotation@67784306]" name="beforeClass" is-config="true" duration-ms="308" started-at="2018-07-31T11:44:46Z" finished-at="2018-07-31T11:44:46Z">
          <reporter-output>
          </reporter-output>
        </test-method> <!-- beforeClass -->
        <test-method status="PASS" signature="testOpenQuotation()[pri:0, instance:com.zbwx.autotest.ui.TestQuotation@67784306]" name="testOpenQuotation" duration-ms="106277" started-at="2018-07-31T11:44:46Z" description="进入行情页面" finished-at="2018-07-31T11:46:32Z">
          <reporter-output>
          </reporter-output>
        </test-method> <!-- testOpenQuotation -->
        <test-method status="PASS" signature="testSwitchCommodity()[pri:0, instance:com.zbwx.autotest.ui.TestQuotation@67784306]" name="testSwitchCommodity" duration-ms="52539" started-at="2018-07-31T11:46:32Z" description="行情页面切换商品" finished-at="2018-07-31T11:47:25Z">
          <reporter-output>
          </reporter-output>
        </test-method> <!-- testSwitchCommodity -->
        <test-method status="PASS" signature="testClickMessage()[pri:0, instance:com.zbwx.autotest.ui.TestQuotation@67784306]" name="testClickMessage" duration-ms="35131" started-at="2018-07-31T11:47:25Z" description="行情页面点击消息按钮" finished-at="2018-07-31T11:48:00Z">
          <reporter-output>
          </reporter-output>
        </test-method> <!-- testClickMessage -->
        <test-method status="PASS" signature="testK_lineSelectM5()[pri:0, instance:com.zbwx.autotest.ui.TestQuotation@67784306]" name="testK_lineSelectM5" duration-ms="28324" started-at="2018-07-31T11:48:00Z" description="行情页面K线选择M5" finished-at="2018-07-31T11:48:28Z">
          <reporter-output>
          </reporter-output>
        </test-method> <!-- testK_lineSelectM5 -->
        <test-method status="PASS" signature="testK_lineSelectM15()[pri:0, instance:com.zbwx.autotest.ui.TestQuotation@67784306]" name="testK_lineSelectM15" duration-ms="32656" started-at="2018-07-31T11:48:28Z" description="行情页面K线选择M15" finished-at="2018-07-31T11:49:01Z">
          <reporter-output>
          </reporter-output>
        </test-method> <!-- testK_lineSelectM15 -->
        <test-method status="PASS" signature="testK_lineSelectH1()[pri:0, instance:com.zbwx.autotest.ui.TestQuotation@67784306]" name="testK_lineSelectH1" duration-ms="29397" started-at="2018-07-31T11:49:01Z" description="行情页面K线选择H1" finished-at="2018-07-31T11:49:30Z">
          <reporter-output>
          </reporter-output>
        </test-method> <!-- testK_lineSelectH1 -->
        <test-method status="PASS" signature="testK_lineSelectD1()[pri:0, instance:com.zbwx.autotest.ui.TestQuotation@67784306]" name="testK_lineSelectD1" duration-ms="21609" started-at="2018-07-31T11:49:30Z" description="行情页面K线选择D1" finished-at="2018-07-31T11:49:52Z">
          <reporter-output>
          </reporter-output>
        </test-method> <!-- testK_lineSelectD1 -->
        <test-method status="PASS" signature="testK_lineSelectTimeshare()[pri:0, instance:com.zbwx.autotest.ui.TestQuotation@67784306]" name="testK_lineSelectTimeshare" duration-ms="26282" started-at="2018-07-31T11:49:52Z" description="行情页面K线选择‘分时线’" finished-at="2018-07-31T11:50:18Z">
          <reporter-output>
          </reporter-output>
        </test-method> <!-- testK_lineSelectTimeshare -->
        <test-method status="PASS" signature="testClickOrder()[pri:0, instance:com.zbwx.autotest.ui.TestQuotation@67784306]" name="testClickOrder" duration-ms="33713" started-at="2018-07-31T11:50:18Z" description="行情页面点击定购按钮" finished-at="2018-07-31T11:50:52Z">
          <reporter-output>
          </reporter-output>
        </test-method> <!-- testClickOrder -->
        <test-method status="PASS" signature="tearDown()[pri:0, instance:com.zbwx.autotest.ui.TestQuotation@67784306]" name="tearDown" is-config="true" duration-ms="1227" started-at="2018-07-31T11:50:52Z" finished-at="2018-07-31T11:50:53Z">
          <reporter-output>
          </reporter-output>
        </test-method> <!-- tearDown -->
      </class> <!-- com.zbwx.autotest.ui.TestQuotation -->
    </test> <!-- 登录测试 -->
  </suite> <!-- Suite -->
</testng-results>
